<?xml version="1.0" encoding="UTF-8"?>
<!-- Generated by org.testng.reporters.JUnitXMLReporter -->
<testsuite ignored="1" hostname="dPLAP166" failures="0" tests="3" name="XGL" time="19.543" errors="0" timestamp="2023-03-27T19:05:28 IST">
  <testcase classname="Test1" name="LoginXGL" time="10.818"/>
  <testcase classname="Test1" name="About" time="1.411"/>
  <testcase classname="BillingSubmission_Permission" name="test_billing_permission" time="1.791"/>
  <testcase classname="BillingSubmission_Permission" name="getLoginCred" time="0.0">
    <ignored/>
  </testcase> <!-- getLoginCred -->
</testsuite> <!-- XGL -->
