<?xml version="1.0" encoding="UTF-8"?>
<!-- Generated by org.testng.reporters.JUnitXMLReporter -->
<testsuite ignored="0" hostname="dPLAP166" failures="0" tests="4" name="XGL2" time="19.025" errors="0" timestamp="2023-06-15T20:35:07 IST">
  <testcase classname="XGLT_15177" name="LoginXGL" time="15.758"/>
  <testcase classname="XGLT_15177" name="About" time="1.051"/>
  <testcase classname="Create_Network" name="search_Network" time="0.726"/>
  <testcase classname="Create_Network" name="create_Network" time="0.302"/>
</testsuite> <!-- XGL2 -->
